# JRE version: OpenJDK Runtime Environment Temurin-21.0.10+7 (21.0.10+7) (build 21.0.10+7-LTS)
# Java VM: OpenJDK 64-Bit Server VM Temurin-21.0.10+7 (21.0.10+7-LTS, mixed mode, sharing, tiered, compressed oops, compressed class ptrs, parallel gc, windows-amd64)
GC Precious Log:
 CardTable entry size: 512
 CPUs: 12 total, 12 available
 Memory: 16165M
 Large Page Support: Disabled
 NUMA Support: Disabled
 Compressed Oops: Enabled (32-bit)
 Alignments: Space 512K, Generation 512K, Heap 2M
 Heap Min Capacity: 100M
 Heap Initial Capacity: 100M
 Heap Max Capacity: 2G
 Pre-touch: Disabled
 Parallel Workers: 10
Heap:
 PSYoungGen      total 18944K, used 16741K [0x00000000d5580000, 0x00000000d7e00000, 0x0000000100000000)
  eden space 14848K, 85% used [0x00000000d5580000,0x00000000d61db9f8,0x00000000d6400000)
  from space 4096K, 99% used [0x00000000d6680000,0x00000000d6a7db90,0x00000000d6a80000)
  to   space 13312K, 0% used [0x00000000d7100000,0x00000000d7100000,0x00000000d7e00000)
 ParOldGen       total 1275904K, used 1275455K [0x0000000080000000, 0x00000000cde00000, 0x00000000d5580000)
  object space 1275904K, 99% used [0x0000000080000000,0x00000000cdd8fde8,0x00000000cde00000)
 Metaspace       used 113346K, committed 115328K, reserved 1179648K
  class space    used 11207K, committed 12096K, reserved 1048576K
GC Heap History (20 events):
Event: 2622.713 GC heap before
{Heap before GC invocations=9266 (full 8):
 PSYoungGen      total 16896K, used 16867K [0x00000000d5580000, 0x00000000d7600000, 0x0000000100000000)
  eden space 14848K, 100% used [0x00000000d5580000,0x00000000d6400000,0x00000000d6400000)
  from space 2048K, 98% used [0x00000000d6980000,0x00000000d6b78ef0,0x00000000d6b80000)
  to   space 9216K, 0% used [0x00000000d6d00000,0x00000000d6d00000,0x00000000d7600000)
 ParOldGen       total 1227264K, used 1226938K [0x0000000080000000, 0x00000000cae80000, 0x00000000d5580000)
  object space 1227264K, 99% used [0x0000000080000000,0x00000000cae2e858,0x00000000cae80000)
 Metaspace       used 113267K, committed 115264K, reserved 1179648K
  class space    used 11200K, committed 12096K, reserved 1048576K
}
Event: 2622.715 GC heap after
{Heap after GC invocations=9266 (full 8):
 PSYoungGen      total 16896K, used 1649K [0x00000000d5580000, 0x00000000d6f00000, 0x0000000100000000)
  eden space 14848K, 0% used [0x00000000d5580000,0x00000000d5580000,0x00000000d6400000)
  from space 2048K, 80% used [0x00000000d6d00000,0x00000000d6e9c550,0x00000000d6f00000)
  to   space 4096K, 0% used [0x00000000d6700000,0x00000000d6700000,0x00000000d6b00000)
 ParOldGen       total 1227776K, used 1227614K [0x0000000080000000, 0x00000000caf00000, 0x00000000d5580000)
  object space 1227776K, 99% used [0x0000000080000000,0x00000000caed7b88,0x00000000caf00000)
 Metaspace       used 113267K, committed 115264K, reserved 1179648K
  class space    used 11200K, committed 12096K, reserved 1048576K
}
Event: 2622.726 GC heap before
{Heap before GC invocations=9267 (full 8):
 PSYoungGen      total 16896K, used 16497K [0x00000000d5580000, 0x00000000d6f00000, 0x0000000100000000)
  eden space 14848K, 100% used [0x00000000d5580000,0x00000000d6400000,0x00000000d6400000)
  from space 2048K, 80% used [0x00000000d6d00000,0x00000000d6e9c550,0x00000000d6f00000)
  to   space 4096K, 0% used [0x00000000d6700000,0x00000000d6700000,0x00000000d6b00000)
 ParOldGen       total 1227776K, used 1227614K [0x0000000080000000, 0x00000000caf00000, 0x00000000d5580000)
  object space 1227776K, 99% used [0x0000000080000000,0x00000000caed7b88,0x00000000caf00000)
 Metaspace       used 113268K, committed 115264K, reserved 1179648K
  class space    used 11200K, committed 12096K, reserved 1048576K
}
Event: 2622.731 GC heap after
{Heap after GC invocations=9267 (full 8):
 PSYoungGen      total 18944K, used 4084K [0x00000000d5580000, 0x00000000d7d00000, 0x0000000100000000)
  eden space 14848K, 0% used [0x00000000d5580000,0x00000000d5580000,0x00000000d6400000)
  from space 4096K, 99% used [0x00000000d6700000,0x00000000d6afd200,0x00000000d6b00000)
  to   space 12800K, 0% used [0x00000000d7080000,0x00000000d7080000,0x00000000d7d00000)
 ParOldGen       total 1234944K, used 1234508K [0x0000000080000000, 0x00000000cb600000, 0x00000000d5580000)
  object space 1234944K, 99% used [0x0000000080000000,0x00000000cb5932d8,0x00000000cb600000)
 Metaspace       used 113268K, committed 115264K, reserved 1179648K
  class space    used 11200K, committed 12096K, reserved 1048576K
}
Event: 2622.769 GC heap before
{Heap before GC invocations=9268 (full 8):
 PSYoungGen      total 18944K, used 18932K [0x00000000d5580000, 0x00000000d7d00000, 0x0000000100000000)
  eden space 14848K, 100% used [0x00000000d5580000,0x00000000d6400000,0x00000000d6400000)
  from space 4096K, 99% used [0x00000000d6700000,0x00000000d6afd200,0x00000000d6b00000)
  to   space 12800K, 0% used [0x00000000d7080000,0x00000000d7080000,0x00000000d7d00000)
 ParOldGen       total 1234944K, used 1234508K [0x0000000080000000, 0x00000000cb600000, 0x00000000d5580000)
  object space 1234944K, 99% used [0x0000000080000000,0x00000000cb5932d8,0x00000000cb600000)
 Metaspace       used 113268K, committed 115264K, reserved 1179648K
  class space    used 11200K, committed 12096K, reserved 1048576K
}
Event: 2622.774 GC heap after
{Heap after GC invocations=9268 (full 8):
 PSYoungGen      total 18432K, used 3456K [0x00000000d5580000, 0x00000000d7400000, 0x0000000100000000)
  eden space 14848K, 0% used [0x00000000d5580000,0x00000000d5580000,0x00000000d6400000)
  from space 3584K, 96% used [0x00000000d7080000,0x00000000d73e0000,0x00000000d7400000)
  to   space 6656K, 0% used [0x00000000d6700000,0x00000000d6700000,0x00000000d6d80000)
 ParOldGen       total 1238016K, used 1237604K [0x0000000080000000, 0x00000000cb900000, 0x00000000d5580000)
  object space 1238016K, 99% used [0x0000000080000000,0x00000000cb8992d8,0x00000000cb900000)
 Metaspace       used 113268K, committed 115264K, reserved 1179648K
  class space    used 11200K, committed 12096K, reserved 1048576K
}
Event: 2622.809 GC heap before
{Heap before GC invocations=9269 (full 8):
 PSYoungGen      total 18432K, used 18304K [0x00000000d5580000, 0x00000000d7400000, 0x0000000100000000)
  eden space 14848K, 100% used [0x00000000d5580000,0x00000000d6400000,0x00000000d6400000)
  from space 3584K, 96% used [0x00000000d7080000,0x00000000d73e0000,0x00000000d7400000)
  to   space 6656K, 0% used [0x00000000d6700000,0x00000000d6700000,0x00000000d6d80000)
 ParOldGen       total 1261568K, used 1260644K [0x0000000080000000, 0x00000000cd000000, 0x00000000d5580000)
  object space 1261568K, 99% used [0x0000000080000000,0x00000000ccf192f8,0x00000000cd000000)
 Metaspace       used 113270K, committed 115264K, reserved 1179648K
  class space    used 11200K, committed 12096K, reserved 1048576K
}
Event: 2622.811 GC heap after
{Heap after GC invocations=9269 (full 8):
 PSYoungGen      total 21504K, used 384K [0x00000000d5580000, 0x00000000d7100000, 0x0000000100000000)
  eden space 14848K, 0% used [0x00000000d5580000,0x00000000d5580000,0x00000000d6400000)
  from space 6656K, 5% used [0x00000000d6700000,0x00000000d6760020,0x00000000d6d80000)
  to   space 2048K, 0% used [0x00000000d6f00000,0x00000000d6f00000,0x00000000d7100000)
 ParOldGen       total 1264128K, used 1263923K [0x0000000080000000, 0x00000000cd280000, 0x00000000d5580000)
  object space 1264128K, 99% used [0x0000000080000000,0x00000000cd24cff8,0x00000000cd280000)
 Metaspace       used 113270K, committed 115264K, reserved 1179648K
  class space    used 11200K, committed 12096K, reserved 1048576K
}
Event: 2623.102 GC heap before
{Heap before GC invocations=9270 (full 8):
 PSYoungGen      total 21504K, used 15224K [0x00000000d5580000, 0x00000000d7100000, 0x0000000100000000)
  eden space 14848K, 99% used [0x00000000d5580000,0x00000000d63fe310,0x00000000d6400000)
  from space 6656K, 5% used [0x00000000d6700000,0x00000000d6760020,0x00000000d6d80000)
  to   space 2048K, 0% used [0x00000000d6f00000,0x00000000d6f00000,0x00000000d7100000)
 ParOldGen       total 1264128K, used 1263923K [0x0000000080000000, 0x00000000cd280000, 0x00000000d5580000)
  object space 1264128K, 99% used [0x0000000080000000,0x00000000cd24cff8,0x00000000cd280000)
 Metaspace       used 113277K, committed 115264K, reserved 1179648K
  class space    used 11200K, committed 12096K, reserved 1048576K
}
Event: 2623.104 GC heap after
{Heap after GC invocations=9270 (full 8):
 PSYoungGen      total 16896K, used 2043K [0x00000000d5580000, 0x00000000d7100000, 0x0000000100000000)
  eden space 14848K, 0% used [0x00000000d5580000,0x00000000d5580000,0x00000000d6400000)
  from space 2048K, 99% used [0x00000000d6f00000,0x00000000d70fed00,0x00000000d7100000)
  to   space 3584K, 0% used [0x00000000d6a00000,0x00000000d6a00000,0x00000000d6d80000)
 ParOldGen       total 1265152K, used 1264791K [0x0000000080000000, 0x00000000cd380000, 0x00000000d5580000)
  object space 1265152K, 99% used [0x0000000080000000,0x00000000cd325c38,0x00000000cd380000)
 Metaspace       used 113277K, committed 115264K, reserved 1179648K
  class space    used 11200K, committed 12096K, reserved 1048576K
}
Event: 2623.222 GC heap before
{Heap before GC invocations=9271 (full 8):
 PSYoungGen      total 16896K, used 16891K [0x00000000d5580000, 0x00000000d7100000, 0x0000000100000000)
  eden space 14848K, 100% used [0x00000000d5580000,0x00000000d6400000,0x00000000d6400000)
  from space 2048K, 99% used [0x00000000d6f00000,0x00000000d70fed00,0x00000000d7100000)
  to   space 3584K, 0% used [0x00000000d6a00000,0x00000000d6a00000,0x00000000d6d80000)
 ParOldGen       total 1265152K, used 1264791K [0x0000000080000000, 0x00000000cd380000, 0x00000000d5580000)
  object space 1265152K, 99% used [0x0000000080000000,0x00000000cd325c38,0x00000000cd380000)
 Metaspace       used 113281K, committed 115264K, reserved 1179648K
  class space    used 11200K, committed 12096K, reserved 1048576K
}
Event: 2623.223 GC heap after
{Heap after GC invocations=9271 (full 8):
 PSYoungGen      total 18432K, used 714K [0x00000000d5580000, 0x00000000d6f80000, 0x0000000100000000)
  eden space 14848K, 0% used [0x00000000d5580000,0x00000000d5580000,0x00000000d6400000)
  from space 3584K, 19% used [0x00000000d6a00000,0x00000000d6ab2910,0x00000000d6d80000)
  to   space 1536K, 0% used [0x00000000d6e00000,0x00000000d6e00000,0x00000000d6f80000)
 ParOldGen       total 1265152K, used 1264959K [0x0000000080000000, 0x00000000cd380000, 0x00000000d5580000)
  object space 1265152K, 99% used [0x0000000080000000,0x00000000cd34fc38,0x00000000cd380000)
 Metaspace       used 113281K, committed 115264K, reserved 1179648K
  class space    used 11200K, committed 12096K, reserved 1048576K
}
Event: 2635.764 GC heap before
{Heap before GC invocations=9272 (full 8):
 PSYoungGen      total 18432K, used 15562K [0x00000000d5580000, 0x00000000d6f80000, 0x0000000100000000)
  eden space 14848K, 100% used [0x00000000d5580000,0x00000000d6400000,0x00000000d6400000)
  from space 3584K, 19% used [0x00000000d6a00000,0x00000000d6ab2910,0x00000000d6d80000)
  to   space 1536K, 0% used [0x00000000d6e00000,0x00000000d6e00000,0x00000000d6f80000)
 ParOldGen       total 1265152K, used 1264959K [0x0000000080000000, 0x00000000cd380000, 0x00000000d5580000)
  object space 1265152K, 99% used [0x0000000080000000,0x00000000cd34fc38,0x00000000cd380000)
 Metaspace       used 113281K, committed 115264K, reserved 1179648K
  class space    used 11200K, committed 12096K, reserved 1048576K
}
Event: 2635.765 GC heap after
{Heap after GC invocations=9272 (full 8):
 PSYoungGen      total 16384K, used 1485K [0x00000000d5580000, 0x00000000d6f80000, 0x0000000100000000)
  eden space 14848K, 0% used [0x00000000d5580000,0x00000000d5580000,0x00000000d6400000)
  from space 1536K, 96% used [0x00000000d6e00000,0x00000000d6f73610,0x00000000d6f80000)
  to   space 2048K, 0% used [0x00000000d6b80000,0x00000000d6b80000,0x00000000d6d80000)
 ParOldGen       total 1265664K, used 1265191K [0x0000000080000000, 0x00000000cd400000, 0x00000000d5580000)
  object space 1265664K, 99% used [0x0000000080000000,0x00000000cd389c38,0x00000000cd400000)
 Metaspace       used 113281K, committed 115264K, reserved 1179648K
  class space    used 11200K, committed 12096K, reserved 1048576K
}
Event: 2648.830 GC heap before
{Heap before GC invocations=9273 (full 8):
 PSYoungGen      total 16384K, used 16333K [0x00000000d5580000, 0x00000000d6f80000, 0x0000000100000000)
  eden space 14848K, 100% used [0x00000000d5580000,0x00000000d6400000,0x00000000d6400000)
  from space 1536K, 96% used [0x00000000d6e00000,0x00000000d6f73610,0x00000000d6f80000)
  to   space 2048K, 0% used [0x00000000d6b80000,0x00000000d6b80000,0x00000000d6d80000)
 ParOldGen       total 1265664K, used 1265191K [0x0000000080000000, 0x00000000cd400000, 0x00000000d5580000)
  object space 1265664K, 99% used [0x0000000080000000,0x00000000cd389c38,0x00000000cd400000)
 Metaspace       used 113325K, committed 115328K, reserved 1179648K
  class space    used 11204K, committed 12096K, reserved 1048576K
}
Event: 2648.832 GC heap after
{Heap after GC invocations=9273 (full 8):
 PSYoungGen      total 16896K, used 676K [0x00000000d5580000, 0x00000000d6e80000, 0x0000000100000000)
  eden space 14848K, 0% used [0x00000000d5580000,0x00000000d5580000,0x00000000d6400000)
  from space 2048K, 33% used [0x00000000d6b80000,0x00000000d6c29210,0x00000000d6d80000)
  to   space 1024K, 0% used [0x00000000d6d80000,0x00000000d6d80000,0x00000000d6e80000)
 ParOldGen       total 1265664K, used 1265659K [0x0000000080000000, 0x00000000cd400000, 0x00000000d5580000)
  object space 1265664K, 99% used [0x0000000080000000,0x00000000cd3fee48,0x00000000cd400000)
 Metaspace       used 113325K, committed 115328K, reserved 1179648K
  class space    used 11204K, committed 12096K, reserved 1048576K
}
Event: 2648.846 GC heap before
{Heap before GC invocations=9274 (full 8):
 PSYoungGen      total 16896K, used 15524K [0x00000000d5580000, 0x00000000d6e80000, 0x0000000100000000)
  eden space 14848K, 100% used [0x00000000d5580000,0x00000000d6400000,0x00000000d6400000)
  from space 2048K, 33% used [0x00000000d6b80000,0x00000000d6c29210,0x00000000d6d80000)
  to   space 1024K, 0% used [0x00000000d6d80000,0x00000000d6d80000,0x00000000d6e80000)
 ParOldGen       total 1265664K, used 1265659K [0x0000000080000000, 0x00000000cd400000, 0x00000000d5580000)
  object space 1265664K, 99% used [0x0000000080000000,0x00000000cd3fee48,0x00000000cd400000)
 Metaspace       used 113325K, committed 115328K, reserved 1179648K
  class space    used 11204K, committed 12096K, reserved 1048576K
}
Event: 2648.848 GC heap after
{Heap after GC invocations=9274 (full 8):
 PSYoungGen      total 15872K, used 1009K [0x00000000d5580000, 0x00000000d6e80000, 0x0000000100000000)
  eden space 14848K, 0% used [0x00000000d5580000,0x00000000d5580000,0x00000000d6400000)
  from space 1024K, 98% used [0x00000000d6d80000,0x00000000d6e7c778,0x00000000d6e80000)
  to   space 4096K, 0% used [0x00000000d6680000,0x00000000d6680000,0x00000000d6a80000)
 ParOldGen       total 1268224K, used 1268185K [0x0000000080000000, 0x00000000cd680000, 0x00000000d5580000)
  object space 1268224K, 99% used [0x0000000080000000,0x00000000cd6767d0,0x00000000cd680000)
 Metaspace       used 113325K, committed 115328K, reserved 1179648K
  class space    used 11204K, committed 12096K, reserved 1048576K
}
Event: 2648.867 GC heap before
{Heap before GC invocations=9275 (full 8):
 PSYoungGen      total 15872K, used 15809K [0x00000000d5580000, 0x00000000d6e80000, 0x0000000100000000)
  eden space 14848K, 99% used [0x00000000d5580000,0x00000000d63f3df8,0x00000000d6400000)
  from space 1024K, 98% used [0x00000000d6d80000,0x00000000d6e7c778,0x00000000d6e80000)
  to   space 4096K, 0% used [0x00000000d6680000,0x00000000d6680000,0x00000000d6a80000)
 ParOldGen       total 1268224K, used 1268185K [0x0000000080000000, 0x00000000cd680000, 0x00000000d5580000)
  object space 1268224K, 99% used [0x0000000080000000,0x00000000cd6767d0,0x00000000cd680000)
 Metaspace       used 113325K, committed 115328K, reserved 1179648K
  class space    used 11204K, committed 12096K, reserved 1048576K
}
Event: 2648.870 GC heap after
{Heap after GC invocations=9275 (full 8):
 PSYoungGen      total 18944K, used 4086K [0x00000000d5580000, 0x00000000d7e00000, 0x0000000100000000)
  eden space 14848K, 0% used [0x00000000d5580000,0x00000000d5580000,0x00000000d6400000)
  from space 4096K, 99% used [0x00000000d6680000,0x00000000d6a7db90,0x00000000d6a80000)
  to   space 13312K, 0% used [0x00000000d7100000,0x00000000d7100000,0x00000000d7e00000)
 ParOldGen       total 1275904K, used 1275455K [0x0000000080000000, 0x00000000cde00000, 0x00000000d5580000)
  object space 1275904K, 99% used [0x0000000080000000,0x00000000cdd8fde8,0x00000000cde00000)
 Metaspace       used 113325K, committed 115328K, reserved 1179648K
  class space    used 11204K, committed 12096K, reserved 1048576K
}

